# JRE version: Java(TM) SE Runtime Environment (8.0_211-b12) (build 1.8.0_211-b12)
# Java VM: Java HotSpot(TM) 64-Bit Server VM (25.211-b12 mixed mode windows-amd64 compressed oops)
Heap:
 PSYoungGen      total 324096K, used 61205K [0x00000000d5d80000, 0x00000000eb280000, 0x0000000100000000)
  eden space 307200K, 19% used [0x00000000d5d80000,0x00000000d99454f8,0x00000000e8980000)
  from space 16896K, 0% used [0x00000000e9f00000,0x00000000e9f00000,0x00000000eaf80000)
  to   space 20992K, 0% used [0x00000000e8980000,0x00000000e8980000,0x00000000e9e00000)
 ParOldGen       total 104960K, used 32792K [0x0000000081800000, 0x0000000087e80000, 0x00000000d5d80000)
  object space 104960K, 31% used [0x0000000081800000,0x0000000083806140,0x0000000087e80000)
 Metaspace       used 56906K, capacity 59856K, committed 60032K, reserved 1101824K
  class space    used 7700K, capacity 8211K, committed 8320K, reserved 1048576K
GC Heap History (10 events):
Event: 11.131 GC heap before
{Heap before GC invocations=9 (full 1):
 PSYoungGen      total 141824K, used 103725K [0x00000000d5d80000, 0x00000000e5400000, 0x0000000100000000)
  eden space 133120K, 71% used [0x00000000d5d80000,0x00000000dba4fd60,0x00000000ddf80000)
  from space 8704K, 99% used [0x00000000ddf80000,0x00000000de7fba00,0x00000000de800000)
  to   space 11264K, 0% used [0x00000000e4900000,0x00000000e4900000,0x00000000e5400000)
 ParOldGen       total 51200K, used 9309K [0x0000000081800000, 0x0000000084a00000, 0x00000000d5d80000)
  object space 51200K, 18% used [0x0000000081800000,0x00000000821175f8,0x0000000084a00000)
 Metaspace       used 33606K, capacity 35375K, committed 35496K, reserved 1079296K
  class space    used 4421K, capacity 4744K, committed 4864K, reserved 1048576K
Event: 11.148 GC heap after
Heap after GC invocations=9 (full 1):
 PSYoungGen      total 235520K, used 11248K [0x00000000d5d80000, 0x00000000e5400000, 0x0000000100000000)
  eden space 224256K, 0% used [0x00000000d5d80000,0x00000000d5d80000,0x00000000e3880000)
  from space 11264K, 99% used [0x00000000e4900000,0x00000000e53fc398,0x00000000e5400000)
  to   space 12800K, 0% used [0x00000000e3b00000,0x00000000e3b00000,0x00000000e4780000)
 ParOldGen       total 51200K, used 10367K [0x0000000081800000, 0x0000000084a00000, 0x00000000d5d80000)
  object space 51200K, 20% used [0x0000000081800000,0x000000008221fec0,0x0000000084a00000)
 Metaspace       used 33606K, capacity 35375K, committed 35496K, reserved 1079296K
  class space    used 4421K, capacity 4744K, committed 4864K, reserved 1048576K
}
Event: 11.148 GC heap before
{Heap before GC invocations=10 (full 2):
 PSYoungGen      total 235520K, used 11248K [0x00000000d5d80000, 0x00000000e5400000, 0x0000000100000000)
  eden space 224256K, 0% used [0x00000000d5d80000,0x00000000d5d80000,0x00000000e3880000)
  from space 11264K, 99% used [0x00000000e4900000,0x00000000e53fc398,0x00000000e5400000)
  to   space 12800K, 0% used [0x00000000e3b00000,0x00000000e3b00000,0x00000000e4780000)
 ParOldGen       total 51200K, used 10367K [0x0000000081800000, 0x0000000084a00000, 0x00000000d5d80000)
  object space 51200K, 20% used [0x0000000081800000,0x000000008221fec0,0x0000000084a00000)
 Metaspace       used 33606K, capacity 35375K, committed 35496K, reserved 1079296K
  class space    used 4421K, capacity 4744K, committed 4864K, reserved 1048576K
Event: 11.218 GC heap after
Heap after GC invocations=10 (full 2):
 PSYoungGen      total 235520K, used 0K [0x00000000d5d80000, 0x00000000e5400000, 0x0000000100000000)
  eden space 224256K, 0% used [0x00000000d5d80000,0x00000000d5d80000,0x00000000e3880000)
  from space 11264K, 0% used [0x00000000e4900000,0x00000000e4900000,0x00000000e5400000)
  to   space 12800K, 0% used [0x00000000e3b00000,0x00000000e3b00000,0x00000000e4780000)
 ParOldGen       total 74752K, used 17204K [0x0000000081800000, 0x0000000086100000, 0x00000000d5d80000)
  object space 74752K, 23% used [0x0000000081800000,0x00000000828cd1d8,0x0000000086100000)
 Metaspace       used 33606K, capacity 35375K, committed 35496K, reserved 1079296K
  class space    used 4421K, capacity 4744K, committed 4864K, reserved 1048576K
}
Event: 14.806 GC heap before
{Heap before GC invocations=11 (full 2):
 PSYoungGen      total 235520K, used 224256K [0x00000000d5d80000, 0x00000000e5400000, 0x0000000100000000)
  eden space 224256K, 100% used [0x00000000d5d80000,0x00000000e3880000,0x00000000e3880000)
  from space 11264K, 0% used [0x00000000e4900000,0x00000000e4900000,0x00000000e5400000)
  to   space 12800K, 0% used [0x00000000e3b00000,0x00000000e3b00000,0x00000000e4780000)
 ParOldGen       total 74752K, used 17204K [0x0000000081800000, 0x0000000086100000, 0x00000000d5d80000)
  object space 74752K, 23% used [0x0000000081800000,0x00000000828cd1d8,0x0000000086100000)
 Metaspace       used 44073K, capacity 46125K, committed 46336K, reserved 1089536K
  class space    used 5931K, capacity 6304K, committed 6400K, reserved 1048576K
Event: 14.837 GC heap after
Heap after GC invocations=11 (full 2):
 PSYoungGen      total 239616K, used 12775K [0x00000000d5d80000, 0x00000000eaf80000, 0x0000000100000000)
  eden space 226816K, 0% used [0x00000000d5d80000,0x00000000d5d80000,0x00000000e3b00000)
  from space 12800K, 99% used [0x00000000e3b00000,0x00000000e4779e78,0x00000000e4780000)
  to   space 16896K, 0% used [0x00000000e9f00000,0x00000000e9f00000,0x00000000eaf80000)
 ParOldGen       total 74752K, used 22649K [0x0000000081800000, 0x0000000086100000, 0x00000000d5d80000)
  object space 74752K, 30% used [0x0000000081800000,0x0000000082e1e6b0,0x0000000086100000)
 Metaspace       used 44073K, capacity 46125K, committed 46336K, reserved 1089536K
  class space    used 5931K, capacity 6304K, committed 6400K, reserved 1048576K
}
Event: 87.730 GC heap before
{Heap before GC invocations=12 (full 2):
 PSYoungGen      total 239616K, used 178628K [0x00000000d5d80000, 0x00000000eaf80000, 0x0000000100000000)
  eden space 226816K, 73% used [0x00000000d5d80000,0x00000000dff77340,0x00000000e3b00000)
  from space 12800K, 99% used [0x00000000e3b00000,0x00000000e4779e78,0x00000000e4780000)
  to   space 16896K, 0% used [0x00000000e9f00000,0x00000000e9f00000,0x00000000eaf80000)
 ParOldGen       total 74752K, used 22649K [0x0000000081800000, 0x0000000086100000, 0x00000000d5d80000)
  object space 74752K, 30% used [0x0000000081800000,0x0000000082e1e6b0,0x0000000086100000)
 Metaspace       used 56047K, capacity 58852K, committed 59136K, reserved 1099776K
  class space    used 7692K, capacity 8167K, committed 8192K, reserved 1048576K
Event: 87.802 GC heap after
Heap after GC invocations=12 (full 2):
 PSYoungGen      total 324096K, used 16880K [0x00000000d5d80000, 0x00000000eb280000, 0x0000000100000000)
  eden space 307200K, 0% used [0x00000000d5d80000,0x00000000d5d80000,0x00000000e8980000)
  from space 16896K, 99% used [0x00000000e9f00000,0x00000000eaf7c150,0x00000000eaf80000)
  to   space 20992K, 0% used [0x00000000e8980000,0x00000000e8980000,0x00000000e9e00000)
 ParOldGen       total 74752K, used 28590K [0x0000000081800000, 0x0000000086100000, 0x00000000d5d80000)
  object space 74752K, 38% used [0x0000000081800000,0x00000000833ebbc0,0x0000000086100000)
 Metaspace       used 56047K, capacity 58852K, committed 59136K, reserved 1099776K
  class space    used 7692K, capacity 8167K, committed 8192K, reserved 1048576K
}
Event: 87.802 GC heap before
{Heap before GC invocations=13 (full 3):
 PSYoungGen      total 324096K, used 16880K [0x00000000d5d80000, 0x00000000eb280000, 0x0000000100000000)
  eden space 307200K, 0% used [0x00000000d5d80000,0x00000000d5d80000,0x00000000e8980000)
  from space 16896K, 99% used [0x00000000e9f00000,0x00000000eaf7c150,0x00000000eaf80000)
  to   space 20992K, 0% used [0x00000000e8980000,0x00000000e8980000,0x00000000e9e00000)
 ParOldGen       total 74752K, used 28590K [0x0000000081800000, 0x0000000086100000, 0x00000000d5d80000)
  object space 74752K, 38% used [0x0000000081800000,0x00000000833ebbc0,0x0000000086100000)
 Metaspace       used 56047K, capacity 58852K, committed 59136K, reserved 1099776K
  class space    used 7692K, capacity 8167K, committed 8192K, reserved 1048576K
Event: 88.165 GC heap after
Heap after GC invocations=13 (full 3):
 PSYoungGen      total 324096K, used 0K [0x00000000d5d80000, 0x00000000eb280000, 0x0000000100000000)
  eden space 307200K, 0% used [0x00000000d5d80000,0x00000000d5d80000,0x00000000e8980000)
  from space 16896K, 0% used [0x00000000e9f00000,0x00000000e9f00000,0x00000000eaf80000)
  to   space 20992K, 0% used [0x00000000e8980000,0x00000000e8980000,0x00000000e9e00000)
 ParOldGen       total 104960K, used 32792K [0x0000000081800000, 0x0000000087e80000, 0x00000000d5d80000)
  object space 104960K, 31% used [0x0000000081800000,0x0000000083806140,0x0000000087e80000)
 Metaspace       used 56047K, capacity 58852K, committed 59136K, reserved 1099776K
  class space    used 7692K, capacity 8167K, committed 8192K, reserved 1048576K
}

